# JRE version: OpenJDK Runtime Environment (21.0.6) (build 21.0.6+-13368085-b895.109)
# Java VM: OpenJDK 64-Bit Server VM (21.0.6+-13368085-b895.109, mixed mode, tiered, compressed oops, compressed class ptrs, g1 gc, windows-amd64)
GC Precious Log:
 CardTable entry size: 512
 Card Set container configuration: InlinePtr #cards 5 size 8 Array Of Cards #cards 12 size 40 Howl #buckets 4 coarsen threshold 1843 Howl Bitmap #cards 512 size 80 coarsen threshold 460 Card regions per heap region 1 cards per card region 2048
 CPUs: 8 total, 8 available
 Memory: 10153M
 Large Page Support: Disabled
 NUMA Support: Disabled
 Compressed Oops: Enabled (32-bit)
 Heap Region Size: 1M
 Heap Min Capacity: 8M
 Heap Initial Capacity: 160M
 Heap Max Capacity: 2G
 Pre-touch: Disabled
 Parallel Workers: 8
 Concurrent Workers: 2
 Concurrent Refinement Workers: 8
 Periodic GC: Disabled
Heap:
 garbage-first heap   total 373760K, used 266046K [0x0000000080000000, 0x0000000100000000)
  region size 1024K, 16 young (16384K), 10 survivors (10240K)
 Metaspace       used 142865K, committed 145216K, reserved 1179648K
  class space    used 19071K, committed 20224K, reserved 1048576K
GC Heap History (20 events):
Event: 121.528 GC heap before
{Heap before GC invocations=64 (full 0):
 garbage-first heap   total 247808K, used 209666K [0x0000000080000000, 0x0000000100000000)
  region size 1024K, 68 young (69632K), 4 survivors (4096K)
 Metaspace       used 123031K, committed 125248K, reserved 1179648K
  class space    used 16351K, committed 17472K, reserved 1048576K
}
Event: 121.534 GC heap after
{Heap after GC invocations=65 (full 0):
 garbage-first heap   total 247808K, used 140992K [0x0000000080000000, 0x0000000100000000)
  region size 1024K, 5 young (5120K), 5 survivors (5120K)
 Metaspace       used 123031K, committed 125248K, reserved 1179648K
  class space    used 16351K, committed 17472K, reserved 1048576K
}
Event: 123.266 GC heap before
{Heap before GC invocations=65 (full 0):
 garbage-first heap   total 247808K, used 233152K [0x0000000080000000, 0x0000000100000000)
  region size 1024K, 69 young (70656K), 5 survivors (5120K)
 Metaspace       used 124407K, committed 126656K, reserved 1179648K
  class space    used 16561K, committed 17728K, reserved 1048576K
}
Event: 123.303 GC heap after
{Heap after GC invocations=66 (full 0):
 garbage-first heap   total 263168K, used 164093K [0x0000000080000000, 0x0000000100000000)
  region size 1024K, 9 young (9216K), 9 survivors (9216K)
 Metaspace       used 124407K, committed 126656K, reserved 1179648K
  class space    used 16561K, committed 17728K, reserved 1048576K
}
Event: 124.193 GC heap before
{Heap before GC invocations=66 (full 0):
 garbage-first heap   total 263168K, used 220413K [0x0000000080000000, 0x0000000100000000)
  region size 1024K, 65 young (66560K), 9 survivors (9216K)
 Metaspace       used 126387K, committed 128640K, reserved 1179648K
  class space    used 16994K, committed 18176K, reserved 1048576K
}
Event: 124.237 GC heap after
{Heap after GC invocations=67 (full 0):
 garbage-first heap   total 263168K, used 189221K [0x0000000080000000, 0x0000000100000000)
  region size 1024K, 9 young (9216K), 9 survivors (9216K)
 Metaspace       used 126387K, committed 128640K, reserved 1179648K
  class space    used 16994K, committed 18176K, reserved 1048576K
}
Event: 124.689 GC heap before
{Heap before GC invocations=68 (full 0):
 garbage-first heap   total 316416K, used 226085K [0x0000000080000000, 0x0000000100000000)
  region size 1024K, 46 young (47104K), 9 survivors (9216K)
 Metaspace       used 126405K, committed 128704K, reserved 1179648K
  class space    used 16995K, committed 18176K, reserved 1048576K
}
Event: 124.727 GC heap after
{Heap after GC invocations=69 (full 0):
 garbage-first heap   total 316416K, used 209920K [0x0000000080000000, 0x0000000100000000)
  region size 1024K, 6 young (6144K), 6 survivors (6144K)
 Metaspace       used 126405K, committed 128704K, reserved 1179648K
  class space    used 16995K, committed 18176K, reserved 1048576K
}
Event: 127.088 GC heap before
{Heap before GC invocations=69 (full 0):
 garbage-first heap   total 316416K, used 262144K [0x0000000080000000, 0x0000000100000000)
  region size 1024K, 58 young (59392K), 6 survivors (6144K)
 Metaspace       used 129808K, committed 132096K, reserved 1179648K
  class space    used 17445K, committed 18624K, reserved 1048576K
}
Event: 127.111 GC heap after
{Heap after GC invocations=70 (full 0):
 garbage-first heap   total 316416K, used 218624K [0x0000000080000000, 0x0000000100000000)
  region size 1024K, 8 young (8192K), 8 survivors (8192K)
 Metaspace       used 129808K, committed 132096K, reserved 1179648K
  class space    used 17445K, committed 18624K, reserved 1048576K
}
Event: 128.685 GC heap before
{Heap before GC invocations=70 (full 0):
 garbage-first heap   total 316416K, used 267776K [0x0000000080000000, 0x0000000100000000)
  region size 1024K, 57 young (58368K), 8 survivors (8192K)
 Metaspace       used 131432K, committed 133696K, reserved 1179648K
  class space    used 17677K, committed 18816K, reserved 1048576K
}
Event: 128.702 GC heap after
{Heap after GC invocations=71 (full 0):
 garbage-first heap   total 316416K, used 226507K [0x0000000080000000, 0x0000000100000000)
  region size 1024K, 7 young (7168K), 7 survivors (7168K)
 Metaspace       used 131432K, committed 133696K, reserved 1179648K
  class space    used 17677K, committed 18816K, reserved 1048576K
}
Event: 129.815 GC heap before
{Heap before GC invocations=72 (full 0):
 garbage-first heap   total 358400K, used 263371K [0x0000000080000000, 0x0000000100000000)
  region size 1024K, 56 young (57344K), 7 survivors (7168K)
 Metaspace       used 131827K, committed 134080K, reserved 1179648K
  class space    used 17723K, committed 18880K, reserved 1048576K
}
Event: 129.833 GC heap after
{Heap after GC invocations=73 (full 0):
 garbage-first heap   total 358400K, used 221541K [0x0000000080000000, 0x0000000100000000)
  region size 1024K, 7 young (7168K), 7 survivors (7168K)
 Metaspace       used 131827K, committed 134080K, reserved 1179648K
  class space    used 17723K, committed 18880K, reserved 1048576K
}
Event: 132.428 GC heap before
{Heap before GC invocations=73 (full 0):
 garbage-first heap   total 358400K, used 313701K [0x0000000080000000, 0x0000000100000000)
  region size 1024K, 86 young (88064K), 7 survivors (7168K)
 Metaspace       used 134018K, committed 136256K, reserved 1179648K
  class space    used 18010K, committed 19136K, reserved 1048576K
}
Event: 132.457 GC heap after
{Heap after GC invocations=74 (full 0):
 garbage-first heap   total 358400K, used 221597K [0x0000000080000000, 0x0000000100000000)
  region size 1024K, 6 young (6144K), 6 survivors (6144K)
 Metaspace       used 134018K, committed 136256K, reserved 1179648K
  class space    used 18010K, committed 19136K, reserved 1048576K
}
Event: 132.569 GC heap before
{Heap before GC invocations=74 (full 0):
 garbage-first heap   total 358400K, used 226717K [0x0000000080000000, 0x0000000100000000)
  region size 1024K, 13 young (13312K), 6 survivors (6144K)
 Metaspace       used 134293K, committed 136576K, reserved 1179648K
  class space    used 18044K, committed 19200K, reserved 1048576K
}
Event: 132.582 GC heap after
{Heap after GC invocations=75 (full 0):
 garbage-first heap   total 358400K, used 222813K [0x0000000080000000, 0x0000000100000000)
  region size 1024K, 7 young (7168K), 7 survivors (7168K)
 Metaspace       used 134293K, committed 136576K, reserved 1179648K
  class space    used 18044K, committed 19200K, reserved 1048576K
}
Event: 136.445 GC heap before
{Heap before GC invocations=76 (full 0):
 garbage-first heap   total 373760K, used 328285K [0x0000000080000000, 0x0000000100000000)
  region size 1024K, 96 young (98304K), 7 survivors (7168K)
 Metaspace       used 140543K, committed 142848K, reserved 1179648K
  class space    used 18806K, committed 19968K, reserved 1048576K
}
Event: 136.477 GC heap after
{Heap after GC invocations=77 (full 0):
 garbage-first heap   total 373760K, used 247155K [0x0000000080000000, 0x0000000100000000)
  region size 1024K, 12 young (12288K), 12 survivors (12288K)
 Metaspace       used 140543K, committed 142848K, reserved 1179648K
  class space    used 18806K, committed 19968K, reserved 1048576K
}

